<?xml version="1.0" encoding="UTF-8"?>
<!-- Generated by org.testng.reporters.JUnitReportReporter -->
<testsuite skipped="0" hostname="jyotsna-PC" name="test.day4" tests="3" failures="0" timestamp="2020-04-16T14:44:10 CDT" time="0.024" errors="0">
  <testcase name="LoginAPIHomeLoan" time="0.007" classname="test.day4"/>
  <system-out/>
  <testcase name="WebloginHomeLoan" time="0.008" classname="test.day4"/>
  <system-out/>
  <testcase name="MobileLoginHomeLoan" time="0.009" classname="test.day4"/>
  <system-out/>
</testsuite> <!-- test.day4 -->
