<?xml version="1.0" encoding="UTF-8"?>
<!-- Generated by org.testng.reporters.JUnitReportReporter -->
<testsuite skipped="0" hostname="jyotsna-PC" name="test.day2" tests="1" failures="0" timestamp="2020-04-16T14:44:10 CDT" time="0.008" errors="0">
  <testcase name="ploan" time="0.008" classname="test.day2"/>
  <system-out/>
</testsuite> <!-- test.day2 -->
